Determining if the pthread_create exist failed with the following output:
Change Dir: /home/wdjie/Documents/my_project/agv_tcpip_driver-master/cmake-build-debug/CMakeFiles/CMakeTmp

Run Build Command:"/usr/bin/make" "cmTC_78356/fast"
/usr/bin/make -f CMakeFiles/cmTC_78356.dir/build.make CMakeFiles/cmTC_78356.dir/build
make[1]: Entering directory '/home/wdjie/Documents/my_project/agv_tcpip_driver-master/cmake-build-debug/CMakeFiles/CMakeTmp'
Building C object CMakeFiles/cmTC_78356.dir/CheckSymbolExists.c.o
/usr/bin/cc    -o CMakeFiles/cmTC_78356.dir/CheckSymbolExists.c.o   -c /home/wdjie/Documents/my_project/agv_tcpip_driver-master/cmake-build-debug/CMakeFiles/CMakeTmp/CheckSymbolExists.c
Linking C executable cmTC_78356
/home/wdjie/Downloads/clion-2019.1/bin/cmake/linux/bin/cmake -E cmake_link_script CMakeFiles/cmTC_78356.dir/link.txt --verbose=1
/usr/bin/cc      -rdynamic CMakeFiles/cmTC_78356.dir/CheckSymbolExists.c.o  -o cmTC_78356 
CMakeFiles/cmTC_78356.dir/CheckSymbolExists.c.o: In function `main':
CheckSymbolExists.c:(.text+0x16): undefined reference to `pthread_create'
collect2: error: ld returned 1 exit status
CMakeFiles/cmTC_78356.dir/build.make:86: recipe for target 'cmTC_78356' failed
make[1]: *** [cmTC_78356] Error 1
make[1]: Leaving directory '/home/wdjie/Documents/my_project/agv_tcpip_driver-master/cmake-build-debug/CMakeFiles/CMakeTmp'
Makefile:121: recipe for target 'cmTC_78356/fast' failed
make: *** [cmTC_78356/fast] Error 2

File /home/wdjie/Documents/my_project/agv_tcpip_driver-master/cmake-build-debug/CMakeFiles/CMakeTmp/CheckSymbolExists.c:
/* */
#include <pthread.h>

int main(int argc, char** argv)
{
  (void)argv;
#ifndef pthread_create
  return ((int*)(&pthread_create))[argc];
#else
  (void)argc;
  return 0;
#endif
}

Determining if the function pthread_create exists in the pthreads failed with the following output:
Change Dir: /home/wdjie/Documents/my_project/agv_tcpip_driver-master/cmake-build-debug/CMakeFiles/CMakeTmp

Run Build Command:"/usr/bin/make" "cmTC_bad5a/fast"
/usr/bin/make -f CMakeFiles/cmTC_bad5a.dir/build.make CMakeFiles/cmTC_bad5a.dir/build
make[1]: Entering directory '/home/wdjie/Documents/my_project/agv_tcpip_driver-master/cmake-build-debug/CMakeFiles/CMakeTmp'
Building C object CMakeFiles/cmTC_bad5a.dir/CheckFunctionExists.c.o
/usr/bin/cc   -DCHECK_FUNCTION_EXISTS=pthread_create   -o CMakeFiles/cmTC_bad5a.dir/CheckFunctionExists.c.o   -c /home/wdjie/Downloads/clion-2019.1/bin/cmake/linux/share/cmake-3.13/Modules/CheckFunctionExists.c
Linking C executable cmTC_bad5a
/home/wdjie/Downloads/clion-2019.1/bin/cmake/linux/bin/cmake -E cmake_link_script CMakeFiles/cmTC_bad5a.dir/link.txt --verbose=1
/usr/bin/cc  -DCHECK_FUNCTION_EXISTS=pthread_create    -rdynamic CMakeFiles/cmTC_bad5a.dir/CheckFunctionExists.c.o  -o cmTC_bad5a -lpthreads 
/usr/bin/ld: cannot find -lpthreads
collect2: error: ld returned 1 exit status
CMakeFiles/cmTC_bad5a.dir/build.make:86: recipe for target 'cmTC_bad5a' failed
make[1]: *** [cmTC_bad5a] Error 1
make[1]: Leaving directory '/home/wdjie/Documents/my_project/agv_tcpip_driver-master/cmake-build-debug/CMakeFiles/CMakeTmp'
Makefile:121: recipe for target 'cmTC_bad5a/fast' failed
make: *** [cmTC_bad5a/fast] Error 2


